[2016-04-15 11:38:25.667] [INFO] pomelo - [32m[E:\SourceCode\thewar\server\game-server\node_modules\pomelo\lib\application.js] [39mapplication inited: "connector-server-1"
[2016-04-15 11:38:26.717] [INFO] pomelo - [32m[E:\SourceCode\thewar\server\game-server\node_modules\pomelo\lib\application.js] [39m"connector-server-1" enter after start...
[2016-04-15 11:38:26.727] [INFO] pomelo - [32m[E:\SourceCode\thewar\server\game-server\node_modules\pomelo\lib\application.js] [39m"connector-server-1" finish start
[2016-04-15 11:38:26.727] [INFO] pomelo - [32m[E:\SourceCode\thewar\server\game-server\node_modules\pomelo\lib\application.js] [39m"connector-server-1" startup in 860 ms
[2016-04-15 11:44:07.216] [DEBUG] pomelo - [36m[E:\SourceCode\thewar\server\game-server\node_modules\pomelo\lib\components\connector.js] [39m[connector-server-1] getSession session is created with session id: 1
[2016-04-15 11:44:07.534] [DEBUG] pomelo - [36m[E:\SourceCode\thewar\server\game-server\node_modules\pomelo\lib\components\connector.js] [39m[connector-server-1] handleMessage session id: 1, msg: {"id":1,"type":0,"compressRoute":1,"route":"connector.entryHandler.entry","body":"hello pomelo","compressGzip":0}
[2016-04-15 11:44:07.551] [DEBUG] pomelo - [36m[E:\SourceCode\thewar\server\game-server\node_modules\pomelo\lib\components\connector.js] [39m[connector-server-1] send message reqId: 1, route: connector.entryHandler.entry, msg: {"code":200,"msg":"game server is ok."}, receivers: [1], opts: {"type":"response","userOptions":{},"isResponse":true}
[2016-04-15 11:44:49.362] [DEBUG] pomelo - [36m[E:\SourceCode\thewar\server\game-server\node_modules\pomelo\lib\components\connector.js] [39m[connector-server-1] getSession session is created with session id: 2
[2016-04-15 11:44:49.996] [DEBUG] pomelo - [36m[E:\SourceCode\thewar\server\game-server\node_modules\pomelo\lib\components\connector.js] [39m[connector-server-1] handleMessage session id: 2, msg: {"id":1,"type":0,"compressRoute":1,"route":"connector.entryHandler.entry","body":"hello pomelo","compressGzip":0}
[2016-04-15 11:44:50.002] [DEBUG] pomelo - [36m[E:\SourceCode\thewar\server\game-server\node_modules\pomelo\lib\components\connector.js] [39m[connector-server-1] send message reqId: 1, route: connector.entryHandler.entry, msg: {"code":200,"msg":"game server is ok."}, receivers: [2], opts: {"type":"response","userOptions":{},"isResponse":true}
[2016-04-15 11:55:26.991] [DEBUG] pomelo - [36m[E:\SourceCode\thewar\server\game-server\node_modules\pomelo\lib\common\service\sessionService.js] [39msession on [connector-server-1] is closed with session id: 2
[2016-04-15 11:55:31.397] [DEBUG] pomelo - [36m[E:\SourceCode\thewar\server\game-server\node_modules\pomelo\lib\components\connector.js] [39m[connector-server-1] getSession session is created with session id: 3
[2016-04-15 11:55:32.052] [DEBUG] pomelo - [36m[E:\SourceCode\thewar\server\game-server\node_modules\pomelo\lib\components\connector.js] [39m[connector-server-1] handleMessage session id: 3, msg: {"id":1,"type":0,"compressRoute":1,"route":"connector.entryHandler.entry","body":"hello pomelo","compressGzip":0}
[2016-04-15 11:55:32.056] [DEBUG] pomelo - [36m[E:\SourceCode\thewar\server\game-server\node_modules\pomelo\lib\components\connector.js] [39m[connector-server-1] send message reqId: 1, route: connector.entryHandler.entry, msg: {"code":200,"msg":"game server is ok."}, receivers: [3], opts: {"type":"response","userOptions":{},"isResponse":true}
[2016-04-15 11:55:37.211] [DEBUG] pomelo - [36m[E:\SourceCode\thewar\server\game-server\node_modules\pomelo\lib\components\connector.js] [39m[connector-server-1] getSession session is created with session id: 4
[2016-04-15 11:55:37.523] [DEBUG] pomelo - [36m[E:\SourceCode\thewar\server\game-server\node_modules\pomelo\lib\components\connector.js] [39m[connector-server-1] handleMessage session id: 4, msg: {"id":1,"type":0,"compressRoute":1,"route":"connector.entryHandler.entry","body":"hello pomelo","compressGzip":0}
[2016-04-15 11:55:37.526] [DEBUG] pomelo - [36m[E:\SourceCode\thewar\server\game-server\node_modules\pomelo\lib\components\connector.js] [39m[connector-server-1] send message reqId: 1, route: connector.entryHandler.entry, msg: {"code":200,"msg":"game server is ok."}, receivers: [4], opts: {"type":"response","userOptions":{},"isResponse":true}
[2016-04-15 15:03:30.984] [DEBUG] pomelo - [36m[E:\SourceCode\thewar\server\game-server\node_modules\pomelo\lib\common\service\sessionService.js] [39msession on [connector-server-1] is closed with session id: 3
[2016-04-15 15:19:04.735] [DEBUG] pomelo - [36m[E:\SourceCode\thewar\server\game-server\node_modules\pomelo\lib\components\connector.js] [39m[connector-server-1] getSession session is created with session id: 5
[2016-04-15 15:19:05.423] [DEBUG] pomelo - [36m[E:\SourceCode\thewar\server\game-server\node_modules\pomelo\lib\components\connector.js] [39m[connector-server-1] handleMessage session id: 5, msg: {"id":1,"type":0,"compressRoute":1,"route":"connector.entryHandler.entry","body":"hello pomelo","compressGzip":0}
[2016-04-15 15:19:05.425] [DEBUG] pomelo - [36m[E:\SourceCode\thewar\server\game-server\node_modules\pomelo\lib\components\connector.js] [39m[connector-server-1] send message reqId: 1, route: connector.entryHandler.entry, msg: {"code":200,"msg":"game server is ok."}, receivers: [5], opts: {"type":"response","userOptions":{},"isResponse":true}
[2016-04-15 15:25:29.123] [DEBUG] pomelo - [36m[E:\SourceCode\thewar\server\game-server\node_modules\pomelo\lib\common\service\sessionService.js] [39msession on [connector-server-1] is closed with session id: 5
[2016-04-15 15:26:44.711] [DEBUG] pomelo - [36m[E:\SourceCode\thewar\server\game-server\node_modules\pomelo\lib\components\connector.js] [39m[connector-server-1] getSession session is created with session id: 6
[2016-04-15 15:26:45.551] [DEBUG] pomelo - [36m[E:\SourceCode\thewar\server\game-server\node_modules\pomelo\lib\components\connector.js] [39m[connector-server-1] handleMessage session id: 6, msg: {"id":1,"type":0,"compressRoute":1,"route":"connector.entryHandler.entry","body":"hello pomelo","compressGzip":0}
[2016-04-15 15:26:45.555] [DEBUG] pomelo - [36m[E:\SourceCode\thewar\server\game-server\node_modules\pomelo\lib\components\connector.js] [39m[connector-server-1] send message reqId: 1, route: connector.entryHandler.entry, msg: {"code":200,"msg":"game server is ok."}, receivers: [6], opts: {"type":"response","userOptions":{},"isResponse":true}
[2016-04-15 15:30:34.086] [DEBUG] pomelo - [36m[E:\SourceCode\thewar\server\game-server\node_modules\pomelo\lib\components\connector.js] [39m[connector-server-1] getSession session is created with session id: 7
[2016-04-15 15:30:34.287] [DEBUG] pomelo - [36m[E:\SourceCode\thewar\server\game-server\node_modules\pomelo\lib\components\connector.js] [39m[connector-server-1] handleMessage session id: 7, msg: {"id":1,"type":0,"compressRoute":1,"route":"connector.entryHandler.entry","body":"hello pomelo","compressGzip":0}
[2016-04-15 15:30:34.292] [DEBUG] pomelo - [36m[E:\SourceCode\thewar\server\game-server\node_modules\pomelo\lib\components\connector.js] [39m[connector-server-1] send message reqId: 1, route: connector.entryHandler.entry, msg: {"code":200,"msg":"game server is ok."}, receivers: [7], opts: {"type":"response","userOptions":{},"isResponse":true}
[2016-04-15 15:36:08.946] [DEBUG] pomelo - [36m[E:\SourceCode\thewar\server\game-server\node_modules\pomelo\lib\common\service\sessionService.js] [39msession on [connector-server-1] is closed with session id: 6
[2016-04-15 15:36:11.677] [DEBUG] pomelo - [36m[E:\SourceCode\thewar\server\game-server\node_modules\pomelo\lib\components\connector.js] [39m[connector-server-1] getSession session is created with session id: 8
[2016-04-15 15:36:11.995] [DEBUG] pomelo - [36m[E:\SourceCode\thewar\server\game-server\node_modules\pomelo\lib\components\connector.js] [39m[connector-server-1] handleMessage session id: 8, msg: {"id":1,"type":0,"compressRoute":1,"route":"connector.entryHandler.entry","body":"hello pomelo","compressGzip":0}
[2016-04-15 15:36:11.997] [DEBUG] pomelo - [36m[E:\SourceCode\thewar\server\game-server\node_modules\pomelo\lib\components\connector.js] [39m[connector-server-1] send message reqId: 1, route: connector.entryHandler.entry, msg: {"code":200,"msg":"game server is ok."}, receivers: [8], opts: {"type":"response","userOptions":{},"isResponse":true}
[2016-04-15 15:36:31.674] [DEBUG] pomelo - [36m[E:\SourceCode\thewar\server\game-server\node_modules\pomelo\lib\common\service\sessionService.js] [39msession on [connector-server-1] is closed with session id: 8
[2016-04-15 15:36:35.404] [DEBUG] pomelo - [36m[E:\SourceCode\thewar\server\game-server\node_modules\pomelo\lib\components\connector.js] [39m[connector-server-1] getSession session is created with session id: 9
[2016-04-15 15:36:35.571] [DEBUG] pomelo - [36m[E:\SourceCode\thewar\server\game-server\node_modules\pomelo\lib\components\connector.js] [39m[connector-server-1] handleMessage session id: 9, msg: {"id":1,"type":0,"compressRoute":1,"route":"connector.entryHandler.entry","body":"hello pomelo","compressGzip":0}
[2016-04-15 15:36:35.571] [DEBUG] pomelo - [36m[E:\SourceCode\thewar\server\game-server\node_modules\pomelo\lib\components\connector.js] [39m[connector-server-1] send message reqId: 1, route: connector.entryHandler.entry, msg: {"code":200,"msg":"game server is ok."}, receivers: [9], opts: {"type":"response","userOptions":{},"isResponse":true}
[2016-04-15 15:36:52.233] [INFO] pomelo - [32m[E:\SourceCode\thewar\server\game-server\node_modules\pomelo\lib\application.js] [39mapplication inited: "connector-server-1"
[2016-04-15 15:36:53.938] [INFO] pomelo - [32m[E:\SourceCode\thewar\server\game-server\node_modules\pomelo\lib\application.js] [39m"connector-server-1" enter after start...
[2016-04-15 15:36:53.953] [INFO] pomelo - [32m[E:\SourceCode\thewar\server\game-server\node_modules\pomelo\lib\application.js] [39m"connector-server-1" finish start
[2016-04-15 15:36:53.954] [INFO] pomelo - [32m[E:\SourceCode\thewar\server\game-server\node_modules\pomelo\lib\application.js] [39m"connector-server-1" startup in 1369 ms
[2016-04-15 15:37:00.146] [DEBUG] pomelo - [36m[E:\SourceCode\thewar\server\game-server\node_modules\pomelo\lib\components\connector.js] [39m[connector-server-1] getSession session is created with session id: 1
[2016-04-15 15:37:11.574] [DEBUG] pomelo - [36m[E:\SourceCode\thewar\server\game-server\node_modules\pomelo\lib\common\service\sessionService.js] [39msession on [connector-server-1] is closed with session id: 1
[2016-04-15 15:37:13.599] [DEBUG] pomelo - [36m[E:\SourceCode\thewar\server\game-server\node_modules\pomelo\lib\components\connector.js] [39m[connector-server-1] getSession session is created with session id: 2
[2016-04-15 15:37:30.227] [DEBUG] pomelo - [36m[E:\SourceCode\thewar\server\game-server\node_modules\pomelo\lib\components\connector.js] [39m[connector-server-1] getSession session is created with session id: 3
[2016-04-15 15:38:07.756] [DEBUG] pomelo - [36m[E:\SourceCode\thewar\server\game-server\node_modules\pomelo\lib\common\service\sessionService.js] [39msession on [connector-server-1] is closed with session id: 2
[2016-04-15 15:38:09.243] [DEBUG] pomelo - [36m[E:\SourceCode\thewar\server\game-server\node_modules\pomelo\lib\components\connector.js] [39m[connector-server-1] getSession session is created with session id: 4
[2016-04-15 15:39:42.561] [DEBUG] pomelo - [36m[E:\SourceCode\thewar\server\game-server\node_modules\pomelo\lib\components\connector.js] [39m[connector-server-1] getSession session is created with session id: 5
[2016-04-15 15:39:57.985] [DEBUG] pomelo - [36m[E:\SourceCode\thewar\server\game-server\node_modules\pomelo\lib\components\connector.js] [39m[connector-server-1] getSession session is created with session id: 6
[2016-04-15 15:40:43.253] [DEBUG] pomelo - [36m[E:\SourceCode\thewar\server\game-server\node_modules\pomelo\lib\common\service\sessionService.js] [39msession on [connector-server-1] is closed with session id: 6
[2016-04-15 15:40:44.865] [DEBUG] pomelo - [36m[E:\SourceCode\thewar\server\game-server\node_modules\pomelo\lib\components\connector.js] [39m[connector-server-1] getSession session is created with session id: 7
[2016-04-15 15:40:51.658] [DEBUG] pomelo - [36m[E:\SourceCode\thewar\server\game-server\node_modules\pomelo\lib\components\connector.js] [39m[connector-server-1] getSession session is created with session id: 8
[2016-04-15 15:40:51.996] [DEBUG] pomelo - [36m[E:\SourceCode\thewar\server\game-server\node_modules\pomelo\lib\components\connector.js] [39m[connector-server-1] handleMessage session id: 8, msg: {"id":0,"type":1,"compressRoute":1,"route":"connector.entryHandler.entry","body":"hello pomeloo!!","compressGzip":0}
[2016-04-15 15:40:52.008] [WARN] pomelo - [33m[E:\SourceCode\thewar\server\game-server\node_modules\pomelo\lib\components\connector.js] [39mtry to response to a notify: "connector.entryHandler.entry"
[2016-04-15 15:44:12.077] [INFO] pomelo - [32m[E:\SourceCode\thewar\server\game-server\node_modules\pomelo\lib\application.js] [39mapplication inited: "connector-server-1"
[2016-04-15 15:44:13.408] [INFO] pomelo - [32m[E:\SourceCode\thewar\server\game-server\node_modules\pomelo\lib\application.js] [39m"connector-server-1" enter after start...
[2016-04-15 15:44:13.426] [INFO] pomelo - [32m[E:\SourceCode\thewar\server\game-server\node_modules\pomelo\lib\application.js] [39m"connector-server-1" finish start
[2016-04-15 15:44:13.427] [INFO] pomelo - [32m[E:\SourceCode\thewar\server\game-server\node_modules\pomelo\lib\application.js] [39m"connector-server-1" startup in 1128 ms
[2016-04-15 15:44:24.890] [DEBUG] pomelo - [36m[E:\SourceCode\thewar\server\game-server\node_modules\pomelo\lib\components\connector.js] [39m[connector-server-1] getSession session is created with session id: 1
[2016-04-15 15:44:26.387] [DEBUG] pomelo - [36m[E:\SourceCode\thewar\server\game-server\node_modules\pomelo\lib\components\connector.js] [39m[connector-server-1] handleMessage session id: 1, msg: {"id":0,"type":1,"compressRoute":1,"route":"connector.entryHandler.entry","body":"hello pomeloo!!","compressGzip":0}
[2016-04-15 15:45:06.407] [DEBUG] pomelo - [36m[E:\SourceCode\thewar\server\game-server\node_modules\pomelo\lib\common\service\sessionService.js] [39msession on [connector-server-1] is closed with session id: 1
[2016-04-15 15:45:28.689] [DEBUG] pomelo - [36m[E:\SourceCode\thewar\server\game-server\node_modules\pomelo\lib\components\connector.js] [39m[connector-server-1] getSession session is created with session id: 2
[2016-04-15 15:45:30.018] [DEBUG] pomelo - [36m[E:\SourceCode\thewar\server\game-server\node_modules\pomelo\lib\components\connector.js] [39m[connector-server-1] handleMessage session id: 2, msg: {"id":0,"type":1,"compressRoute":1,"route":"connector.entryHandler.entry","body":"hello pomeloo!!","compressGzip":0}
[2016-04-15 15:45:44.197] [INFO] pomelo - [32m[E:\SourceCode\thewar\server\game-server\node_modules\pomelo\lib\application.js] [39mapplication inited: "connector-server-1"
[2016-04-15 15:45:46.113] [INFO] pomelo - [32m[E:\SourceCode\thewar\server\game-server\node_modules\pomelo\lib\application.js] [39m"connector-server-1" enter after start...
[2016-04-15 15:45:46.132] [INFO] pomelo - [32m[E:\SourceCode\thewar\server\game-server\node_modules\pomelo\lib\application.js] [39m"connector-server-1" finish start
[2016-04-15 15:45:46.133] [INFO] pomelo - [32m[E:\SourceCode\thewar\server\game-server\node_modules\pomelo\lib\application.js] [39m"connector-server-1" startup in 1640 ms
[2016-04-15 15:45:49.777] [DEBUG] pomelo - [36m[E:\SourceCode\thewar\server\game-server\node_modules\pomelo\lib\components\connector.js] [39m[connector-server-1] getSession session is created with session id: 1
[2016-04-15 15:45:50.695] [DEBUG] pomelo - [36m[E:\SourceCode\thewar\server\game-server\node_modules\pomelo\lib\components\connector.js] [39m[connector-server-1] handleMessage session id: 1, msg: {"id":0,"type":1,"compressRoute":1,"route":"connector.entryHandler.entry","body":"hello pomeloo!!","compressGzip":0}
[2016-04-15 15:56:01.784] [DEBUG] pomelo - [36m[E:\SourceCode\thewar\server\game-server\node_modules\pomelo\lib\common\service\sessionService.js] [39msession on [connector-server-1] is closed with session id: 1
[2016-04-15 16:02:22.213] [DEBUG] pomelo - [36m[E:\SourceCode\thewar\server\game-server\node_modules\pomelo\lib\components\connector.js] [39m[connector-server-1] getSession session is created with session id: 2
[2016-04-15 16:02:23.068] [DEBUG] pomelo - [36m[E:\SourceCode\thewar\server\game-server\node_modules\pomelo\lib\components\connector.js] [39m[connector-server-1] handleMessage session id: 2, msg: {"id":0,"type":1,"compressRoute":1,"route":"connector.entryHandler.entry","body":"hello pomeloo!!","compressGzip":0}
[2016-04-15 16:03:02.343] [DEBUG] pomelo - [36m[E:\SourceCode\thewar\server\game-server\node_modules\pomelo\lib\common\service\sessionService.js] [39msession on [connector-server-1] is closed with session id: 2
[2016-04-15 16:03:04.264] [DEBUG] pomelo - [36m[E:\SourceCode\thewar\server\game-server\node_modules\pomelo\lib\components\connector.js] [39m[connector-server-1] getSession session is created with session id: 3
[2016-04-15 16:03:05.629] [DEBUG] pomelo - [36m[E:\SourceCode\thewar\server\game-server\node_modules\pomelo\lib\components\connector.js] [39m[connector-server-1] handleMessage session id: 3, msg: {"id":0,"type":1,"compressRoute":1,"route":"connector.entryHandler.entry","body":"hello pomeloo!!","compressGzip":0}
[2016-04-15 16:03:17.169] [DEBUG] pomelo - [36m[E:\SourceCode\thewar\server\game-server\node_modules\pomelo\lib\common\service\sessionService.js] [39msession on [connector-server-1] is closed with session id: 3
[2016-04-15 16:03:19.176] [DEBUG] pomelo - [36m[E:\SourceCode\thewar\server\game-server\node_modules\pomelo\lib\components\connector.js] [39m[connector-server-1] getSession session is created with session id: 4
[2016-04-15 16:03:43.647] [DEBUG] pomelo - [36m[E:\SourceCode\thewar\server\game-server\node_modules\pomelo\lib\components\connector.js] [39m[connector-server-1] getSession session is created with session id: 5
[2016-04-15 16:04:28.849] [DEBUG] pomelo - [36m[E:\SourceCode\thewar\server\game-server\node_modules\pomelo\lib\common\service\sessionService.js] [39msession on [connector-server-1] is closed with session id: 4
[2016-04-15 16:04:31.558] [DEBUG] pomelo - [36m[E:\SourceCode\thewar\server\game-server\node_modules\pomelo\lib\components\connector.js] [39m[connector-server-1] getSession session is created with session id: 6
[2016-04-15 16:04:51.689] [DEBUG] pomelo - [36m[E:\SourceCode\thewar\server\game-server\node_modules\pomelo\lib\common\service\sessionService.js] [39msession on [connector-server-1] is closed with session id: 6
[2016-04-15 16:04:54.037] [DEBUG] pomelo - [36m[E:\SourceCode\thewar\server\game-server\node_modules\pomelo\lib\components\connector.js] [39m[connector-server-1] getSession session is created with session id: 7
[2016-04-15 16:05:12.706] [DEBUG] pomelo - [36m[E:\SourceCode\thewar\server\game-server\node_modules\pomelo\lib\common\service\sessionService.js] [39msession on [connector-server-1] is closed with session id: 7
[2016-04-15 16:05:14.976] [DEBUG] pomelo - [36m[E:\SourceCode\thewar\server\game-server\node_modules\pomelo\lib\components\connector.js] [39m[connector-server-1] getSession session is created with session id: 8
[2016-04-15 16:06:27.759] [DEBUG] pomelo - [36m[E:\SourceCode\thewar\server\game-server\node_modules\pomelo\lib\common\service\sessionService.js] [39msession on [connector-server-1] is closed with session id: 8
[2016-04-15 16:06:30.177] [DEBUG] pomelo - [36m[E:\SourceCode\thewar\server\game-server\node_modules\pomelo\lib\components\connector.js] [39m[connector-server-1] getSession session is created with session id: 9
[2016-04-15 16:07:32.686] [DEBUG] pomelo - [36m[E:\SourceCode\thewar\server\game-server\node_modules\pomelo\lib\common\service\sessionService.js] [39msession on [connector-server-1] is closed with session id: 9
[2016-04-15 16:07:35.478] [DEBUG] pomelo - [36m[E:\SourceCode\thewar\server\game-server\node_modules\pomelo\lib\components\connector.js] [39m[connector-server-1] getSession session is created with session id: 10
[2016-04-15 16:08:14.490] [DEBUG] pomelo - [36m[E:\SourceCode\thewar\server\game-server\node_modules\pomelo\lib\common\service\sessionService.js] [39msession on [connector-server-1] is closed with session id: 10
[2016-04-15 16:08:17.030] [DEBUG] pomelo - [36m[E:\SourceCode\thewar\server\game-server\node_modules\pomelo\lib\components\connector.js] [39m[connector-server-1] getSession session is created with session id: 11
[2016-04-15 16:08:24.616] [DEBUG] pomelo - [36m[E:\SourceCode\thewar\server\game-server\node_modules\pomelo\lib\common\service\sessionService.js] [39msession on [connector-server-1] is closed with session id: 11
[2016-04-15 16:08:26.422] [DEBUG] pomelo - [36m[E:\SourceCode\thewar\server\game-server\node_modules\pomelo\lib\components\connector.js] [39m[connector-server-1] getSession session is created with session id: 12
[2016-04-15 16:08:30.522] [DEBUG] pomelo - [36m[E:\SourceCode\thewar\server\game-server\node_modules\pomelo\lib\common\service\sessionService.js] [39msession on [connector-server-1] is closed with session id: 12
[2016-04-15 16:08:32.319] [DEBUG] pomelo - [36m[E:\SourceCode\thewar\server\game-server\node_modules\pomelo\lib\components\connector.js] [39m[connector-server-1] getSession session is created with session id: 13
[2016-04-15 16:16:38.974] [DEBUG] pomelo - [36m[E:\SourceCode\thewar\server\game-server\node_modules\pomelo\lib\common\service\sessionService.js] [39msession on [connector-server-1] is closed with session id: 13
[2016-04-15 16:16:40.482] [DEBUG] pomelo - [36m[E:\SourceCode\thewar\server\game-server\node_modules\pomelo\lib\components\connector.js] [39m[connector-server-1] getSession session is created with session id: 14
[2016-04-15 16:17:29.597] [DEBUG] pomelo - [36m[E:\SourceCode\thewar\server\game-server\node_modules\pomelo\lib\components\connector.js] [39m[connector-server-1] getSession session is created with session id: 15
[2016-04-15 16:17:35.289] [DEBUG] pomelo - [36m[E:\SourceCode\thewar\server\game-server\node_modules\pomelo\lib\common\service\sessionService.js] [39msession on [connector-server-1] is closed with session id: 15
[2016-04-15 16:17:37.243] [DEBUG] pomelo - [36m[E:\SourceCode\thewar\server\game-server\node_modules\pomelo\lib\components\connector.js] [39m[connector-server-1] getSession session is created with session id: 16
[2016-04-15 16:17:51.437] [DEBUG] pomelo - [36m[E:\SourceCode\thewar\server\game-server\node_modules\pomelo\lib\common\service\sessionService.js] [39msession on [connector-server-1] is closed with session id: 16
[2016-04-15 16:17:56.907] [DEBUG] pomelo - [36m[E:\SourceCode\thewar\server\game-server\node_modules\pomelo\lib\components\connector.js] [39m[connector-server-1] getSession session is created with session id: 17
[2016-04-15 16:19:50.154] [DEBUG] pomelo - [36m[E:\SourceCode\thewar\server\game-server\node_modules\pomelo\lib\common\service\sessionService.js] [39msession on [connector-server-1] is closed with session id: 17
[2016-04-15 16:21:03.245] [DEBUG] pomelo - [36m[E:\SourceCode\thewar\server\game-server\node_modules\pomelo\lib\components\connector.js] [39m[connector-server-1] getSession session is created with session id: 18
[2016-04-15 16:27:03.647] [DEBUG] pomelo - [36m[E:\SourceCode\thewar\server\game-server\node_modules\pomelo\lib\common\service\sessionService.js] [39msession on [connector-server-1] is closed with session id: 18
[2016-04-15 16:27:08.582] [DEBUG] pomelo - [36m[E:\SourceCode\thewar\server\game-server\node_modules\pomelo\lib\components\connector.js] [39m[connector-server-1] getSession session is created with session id: 19
[2016-04-15 16:27:12.558] [DEBUG] pomelo - [36m[E:\SourceCode\thewar\server\game-server\node_modules\pomelo\lib\components\connector.js] [39m[connector-server-1] handleMessage session id: 19, msg: {"id":0,"type":1,"compressRoute":1,"route":"connector.entryHandler.entry","body":"hello pomeloo!!","compressGzip":0}
[2016-04-15 16:27:58.255] [DEBUG] pomelo - [36m[E:\SourceCode\thewar\server\game-server\node_modules\pomelo\lib\common\service\sessionService.js] [39msession on [connector-server-1] is closed with session id: 19
[2016-04-15 16:28:03.304] [DEBUG] pomelo - [36m[E:\SourceCode\thewar\server\game-server\node_modules\pomelo\lib\components\connector.js] [39m[connector-server-1] getSession session is created with session id: 20
[2016-04-15 16:28:41.816] [DEBUG] pomelo - [36m[E:\SourceCode\thewar\server\game-server\node_modules\pomelo\lib\common\service\sessionService.js] [39msession on [connector-server-1] is closed with session id: 20
[2016-04-15 16:28:44.750] [DEBUG] pomelo - [36m[E:\SourceCode\thewar\server\game-server\node_modules\pomelo\lib\components\connector.js] [39m[connector-server-1] getSession session is created with session id: 21
[2016-04-15 16:28:47.315] [DEBUG] pomelo - [36m[E:\SourceCode\thewar\server\game-server\node_modules\pomelo\lib\components\connector.js] [39m[connector-server-1] handleMessage session id: 21, msg: {"id":0,"type":1,"compressRoute":1,"route":"connector.entryHandler.entry","body":"hello pomeloo!!","compressGzip":0}
